CRITICAL - 2020-05-04 16:03:51 --> Undefined property: App\Controllers\Home::$load
#0 C:\Users\Danielson\PhpstormProjects\professionalsite\applications\diceroller\app\Controllers\Home.php(10): CodeIgniter\Debug\Exceptions->errorHandler(8, 'Undefined prope...', 'C:\\Users\\Daniel...', 10, Array)
#1 C:\Users\Danielson\PhpstormProjects\professionalsite\vendor\codeigniter4\framework\system\CodeIgniter.php(910): App\Controllers\Home->index()
#2 C:\Users\Danielson\PhpstormProjects\professionalsite\vendor\codeigniter4\framework\system\CodeIgniter.php(398): CodeIgniter\CodeIgniter->runController(Object(App\Controllers\Home))
#3 C:\Users\Danielson\PhpstormProjects\professionalsite\vendor\codeigniter4\framework\system\CodeIgniter.php(306): CodeIgniter\CodeIgniter->handleRequest(NULL, Object(Config\Cache), false)
#4 C:\Users\Danielson\PhpstormProjects\professionalsite\diceroller\index.php(45): CodeIgniter\CodeIgniter->run()
#5 {main}
CRITICAL - 2020-05-04 18:37:24 --> Undefined property: App\Controllers\Home::$input
#0 C:\Users\Danielson\PhpstormProjects\professionalsite\applications\diceroller\app\Controllers\Home.php(19): CodeIgniter\Debug\Exceptions->errorHandler(8, 'Undefined prope...', 'C:\\Users\\Daniel...', 19, Array)
#1 C:\Users\Danielson\PhpstormProjects\professionalsite\vendor\codeigniter4\framework\system\CodeIgniter.php(914): App\Controllers\Home->addDice()
#2 C:\Users\Danielson\PhpstormProjects\professionalsite\vendor\codeigniter4\framework\system\CodeIgniter.php(400): CodeIgniter\CodeIgniter->runController(Object(App\Controllers\Home))
#3 C:\Users\Danielson\PhpstormProjects\professionalsite\vendor\codeigniter4\framework\system\CodeIgniter.php(308): CodeIgniter\CodeIgniter->handleRequest(NULL, Object(Config\Cache), false)
#4 C:\Users\Danielson\PhpstormProjects\professionalsite\diceroller\index.php(45): CodeIgniter\CodeIgniter->run()
#5 {main}
CRITICAL - 2020-05-04 18:37:51 --> Undefined property: App\Controllers\Home::$input
#0 C:\Users\Danielson\PhpstormProjects\professionalsite\applications\diceroller\app\Controllers\Home.php(19): CodeIgniter\Debug\Exceptions->errorHandler(8, 'Undefined prope...', 'C:\\Users\\Daniel...', 19, Array)
#1 C:\Users\Danielson\PhpstormProjects\professionalsite\vendor\codeigniter4\framework\system\CodeIgniter.php(914): App\Controllers\Home->addDice()
#2 C:\Users\Danielson\PhpstormProjects\professionalsite\vendor\codeigniter4\framework\system\CodeIgniter.php(400): CodeIgniter\CodeIgniter->runController(Object(App\Controllers\Home))
#3 C:\Users\Danielson\PhpstormProjects\professionalsite\vendor\codeigniter4\framework\system\CodeIgniter.php(308): CodeIgniter\CodeIgniter->handleRequest(NULL, Object(Config\Cache), false)
#4 C:\Users\Danielson\PhpstormProjects\professionalsite\diceroller\index.php(45): CodeIgniter\CodeIgniter->run()
#5 {main}
CRITICAL - 2020-05-04 18:38:11 --> Undefined property: App\Controllers\Home::$input
#0 C:\Users\Danielson\PhpstormProjects\professionalsite\applications\diceroller\app\Controllers\Home.php(19): CodeIgniter\Debug\Exceptions->errorHandler(8, 'Undefined prope...', 'C:\\Users\\Daniel...', 19, Array)
#1 C:\Users\Danielson\PhpstormProjects\professionalsite\vendor\codeigniter4\framework\system\CodeIgniter.php(914): App\Controllers\Home->addDice()
#2 C:\Users\Danielson\PhpstormProjects\professionalsite\vendor\codeigniter4\framework\system\CodeIgniter.php(400): CodeIgniter\CodeIgniter->runController(Object(App\Controllers\Home))
#3 C:\Users\Danielson\PhpstormProjects\professionalsite\vendor\codeigniter4\framework\system\CodeIgniter.php(308): CodeIgniter\CodeIgniter->handleRequest(NULL, Object(Config\Cache), false)
#4 C:\Users\Danielson\PhpstormProjects\professionalsite\diceroller\index.php(45): CodeIgniter\CodeIgniter->run()
#5 {main}
CRITICAL - 2020-05-04 18:38:49 --> Undefined property: App\Controllers\Home::$input
#0 C:\Users\Danielson\PhpstormProjects\professionalsite\applications\diceroller\app\Controllers\Home.php(19): CodeIgniter\Debug\Exceptions->errorHandler(8, 'Undefined prope...', 'C:\\Users\\Daniel...', 19, Array)
#1 C:\Users\Danielson\PhpstormProjects\professionalsite\vendor\codeigniter4\framework\system\CodeIgniter.php(914): App\Controllers\Home->addDice()
#2 C:\Users\Danielson\PhpstormProjects\professionalsite\vendor\codeigniter4\framework\system\CodeIgniter.php(400): CodeIgniter\CodeIgniter->runController(Object(App\Controllers\Home))
#3 C:\Users\Danielson\PhpstormProjects\professionalsite\vendor\codeigniter4\framework\system\CodeIgniter.php(308): CodeIgniter\CodeIgniter->handleRequest(NULL, Object(Config\Cache), false)
#4 C:\Users\Danielson\PhpstormProjects\professionalsite\diceroller\index.php(45): CodeIgniter\CodeIgniter->run()
#5 {main}
CRITICAL - 2020-05-04 18:40:21 --> Undefined property: App\Controllers\Home::$input
#0 C:\Users\Danielson\PhpstormProjects\professionalsite\applications\diceroller\app\Controllers\Home.php(19): CodeIgniter\Debug\Exceptions->errorHandler(8, 'Undefined prope...', 'C:\\Users\\Daniel...', 19, Array)
#1 C:\Users\Danielson\PhpstormProjects\professionalsite\vendor\codeigniter4\framework\system\CodeIgniter.php(914): App\Controllers\Home->addDice()
#2 C:\Users\Danielson\PhpstormProjects\professionalsite\vendor\codeigniter4\framework\system\CodeIgniter.php(400): CodeIgniter\CodeIgniter->runController(Object(App\Controllers\Home))
#3 C:\Users\Danielson\PhpstormProjects\professionalsite\vendor\codeigniter4\framework\system\CodeIgniter.php(308): CodeIgniter\CodeIgniter->handleRequest(NULL, Object(Config\Cache), false)
#4 C:\Users\Danielson\PhpstormProjects\professionalsite\diceroller\index.php(45): CodeIgniter\CodeIgniter->run()
#5 {main}
CRITICAL - 2020-05-04 18:41:36 --> Undefined property: App\Controllers\Home::$input
#0 C:\Users\Danielson\PhpstormProjects\professionalsite\applications\diceroller\app\Controllers\Home.php(19): CodeIgniter\Debug\Exceptions->errorHandler(8, 'Undefined prope...', 'C:\\Users\\Daniel...', 19, Array)
#1 C:\Users\Danielson\PhpstormProjects\professionalsite\vendor\codeigniter4\framework\system\CodeIgniter.php(914): App\Controllers\Home->addDice()
#2 C:\Users\Danielson\PhpstormProjects\professionalsite\vendor\codeigniter4\framework\system\CodeIgniter.php(400): CodeIgniter\CodeIgniter->runController(Object(App\Controllers\Home))
#3 C:\Users\Danielson\PhpstormProjects\professionalsite\vendor\codeigniter4\framework\system\CodeIgniter.php(308): CodeIgniter\CodeIgniter->handleRequest(NULL, Object(Config\Cache), false)
#4 C:\Users\Danielson\PhpstormProjects\professionalsite\diceroller\index.php(45): CodeIgniter\CodeIgniter->run()
#5 {main}
CRITICAL - 2020-05-04 18:44:20 --> Undefined property: App\Controllers\Home::$input
#0 C:\Users\Danielson\PhpstormProjects\professionalsite\applications\diceroller\app\Controllers\Home.php(19): CodeIgniter\Debug\Exceptions->errorHandler(8, 'Undefined prope...', 'C:\\Users\\Daniel...', 19, Array)
#1 C:\Users\Danielson\PhpstormProjects\professionalsite\vendor\codeigniter4\framework\system\CodeIgniter.php(914): App\Controllers\Home->addDice()
#2 C:\Users\Danielson\PhpstormProjects\professionalsite\vendor\codeigniter4\framework\system\CodeIgniter.php(400): CodeIgniter\CodeIgniter->runController(Object(App\Controllers\Home))
#3 C:\Users\Danielson\PhpstormProjects\professionalsite\vendor\codeigniter4\framework\system\CodeIgniter.php(308): CodeIgniter\CodeIgniter->handleRequest(NULL, Object(Config\Cache), false)
#4 C:\Users\Danielson\PhpstormProjects\professionalsite\diceroller\index.php(45): CodeIgniter\CodeIgniter->run()
#5 {main}
CRITICAL - 2020-05-04 18:45:57 --> Undefined property: App\Controllers\Home::$input
#0 C:\Users\Danielson\PhpstormProjects\professionalsite\applications\diceroller\app\Controllers\Home.php(25): CodeIgniter\Debug\Exceptions->errorHandler(8, 'Undefined prope...', 'C:\\Users\\Daniel...', 25, Array)
#1 C:\Users\Danielson\PhpstormProjects\professionalsite\vendor\codeigniter4\framework\system\CodeIgniter.php(914): App\Controllers\Home->addDice()
#2 C:\Users\Danielson\PhpstormProjects\professionalsite\vendor\codeigniter4\framework\system\CodeIgniter.php(400): CodeIgniter\CodeIgniter->runController(Object(App\Controllers\Home))
#3 C:\Users\Danielson\PhpstormProjects\professionalsite\vendor\codeigniter4\framework\system\CodeIgniter.php(308): CodeIgniter\CodeIgniter->handleRequest(NULL, Object(Config\Cache), false)
#4 C:\Users\Danielson\PhpstormProjects\professionalsite\diceroller\index.php(45): CodeIgniter\CodeIgniter->run()
#5 {main}
CRITICAL - 2020-05-04 18:46:17 --> Undefined property: App\Controllers\Home::$input
#0 C:\Users\Danielson\PhpstormProjects\professionalsite\applications\diceroller\app\Controllers\Home.php(25): CodeIgniter\Debug\Exceptions->errorHandler(8, 'Undefined prope...', 'C:\\Users\\Daniel...', 25, Array)
#1 C:\Users\Danielson\PhpstormProjects\professionalsite\vendor\codeigniter4\framework\system\CodeIgniter.php(914): App\Controllers\Home->addDice()
#2 C:\Users\Danielson\PhpstormProjects\professionalsite\vendor\codeigniter4\framework\system\CodeIgniter.php(400): CodeIgniter\CodeIgniter->runController(Object(App\Controllers\Home))
#3 C:\Users\Danielson\PhpstormProjects\professionalsite\vendor\codeigniter4\framework\system\CodeIgniter.php(308): CodeIgniter\CodeIgniter->handleRequest(NULL, Object(Config\Cache), false)
#4 C:\Users\Danielson\PhpstormProjects\professionalsite\diceroller\index.php(45): CodeIgniter\CodeIgniter->run()
#5 {main}
CRITICAL - 2020-05-04 18:55:46 --> Too few arguments to function App\Controllers\Home::addDice(), 0 passed in C:\Users\Danielson\PhpstormProjects\professionalsite\vendor\codeigniter4\framework\system\CodeIgniter.php on line 914 and exactly 1 expected
#0 C:\Users\Danielson\PhpstormProjects\professionalsite\vendor\codeigniter4\framework\system\CodeIgniter.php(914): App\Controllers\Home->addDice()
#1 C:\Users\Danielson\PhpstormProjects\professionalsite\vendor\codeigniter4\framework\system\CodeIgniter.php(400): CodeIgniter\CodeIgniter->runController(Object(App\Controllers\Home))
#2 C:\Users\Danielson\PhpstormProjects\professionalsite\vendor\codeigniter4\framework\system\CodeIgniter.php(308): CodeIgniter\CodeIgniter->handleRequest(NULL, Object(Config\Cache), false)
#3 C:\Users\Danielson\PhpstormProjects\professionalsite\diceroller\index.php(45): CodeIgniter\CodeIgniter->run()
#4 {main}
CRITICAL - 2020-05-04 18:56:23 --> Too few arguments to function App\Controllers\Home::addDice(), 0 passed in C:\Users\Danielson\PhpstormProjects\professionalsite\vendor\codeigniter4\framework\system\CodeIgniter.php on line 914 and exactly 1 expected
#0 C:\Users\Danielson\PhpstormProjects\professionalsite\vendor\codeigniter4\framework\system\CodeIgniter.php(914): App\Controllers\Home->addDice()
#1 C:\Users\Danielson\PhpstormProjects\professionalsite\vendor\codeigniter4\framework\system\CodeIgniter.php(400): CodeIgniter\CodeIgniter->runController(Object(App\Controllers\Home))
#2 C:\Users\Danielson\PhpstormProjects\professionalsite\vendor\codeigniter4\framework\system\CodeIgniter.php(308): CodeIgniter\CodeIgniter->handleRequest(NULL, Object(Config\Cache), false)
#3 C:\Users\Danielson\PhpstormProjects\professionalsite\diceroller\index.php(45): CodeIgniter\CodeIgniter->run()
#4 {main}
CRITICAL - 2020-05-04 19:05:25 --> Class 'App\Controllers\Exception' not found
#0 C:\Users\Danielson\PhpstormProjects\professionalsite\vendor\codeigniter4\framework\system\CodeIgniter.php(914): App\Controllers\Home->addDice()
#1 C:\Users\Danielson\PhpstormProjects\professionalsite\vendor\codeigniter4\framework\system\CodeIgniter.php(400): CodeIgniter\CodeIgniter->runController(Object(App\Controllers\Home))
#2 C:\Users\Danielson\PhpstormProjects\professionalsite\vendor\codeigniter4\framework\system\CodeIgniter.php(308): CodeIgniter\CodeIgniter->handleRequest(NULL, Object(Config\Cache), false)
#3 C:\Users\Danielson\PhpstormProjects\professionalsite\diceroller\index.php(45): CodeIgniter\CodeIgniter->run()
#4 {main}
CRITICAL - 2020-05-04 19:06:35 --> Class 'App\Controllers\Exception' not found
#0 C:\Users\Danielson\PhpstormProjects\professionalsite\vendor\codeigniter4\framework\system\CodeIgniter.php(914): App\Controllers\Home->addDice()
#1 C:\Users\Danielson\PhpstormProjects\professionalsite\vendor\codeigniter4\framework\system\CodeIgniter.php(400): CodeIgniter\CodeIgniter->runController(Object(App\Controllers\Home))
#2 C:\Users\Danielson\PhpstormProjects\professionalsite\vendor\codeigniter4\framework\system\CodeIgniter.php(308): CodeIgniter\CodeIgniter->handleRequest(NULL, Object(Config\Cache), false)
#3 C:\Users\Danielson\PhpstormProjects\professionalsite\diceroller\index.php(45): CodeIgniter\CodeIgniter->run()
#4 {main}
CRITICAL - 2020-05-04 19:21:49 --> Undefined property: App\Controllers\Home::$output
#0 C:\Users\Danielson\PhpstormProjects\professionalsite\applications\diceroller\app\Controllers\Home.php(33): CodeIgniter\Debug\Exceptions->errorHandler(8, 'Undefined prope...', 'C:\\Users\\Daniel...', 33, Array)
#1 C:\Users\Danielson\PhpstormProjects\professionalsite\vendor\codeigniter4\framework\system\CodeIgniter.php(914): App\Controllers\Home->addDice()
#2 C:\Users\Danielson\PhpstormProjects\professionalsite\vendor\codeigniter4\framework\system\CodeIgniter.php(400): CodeIgniter\CodeIgniter->runController(Object(App\Controllers\Home))
#3 C:\Users\Danielson\PhpstormProjects\professionalsite\vendor\codeigniter4\framework\system\CodeIgniter.php(308): CodeIgniter\CodeIgniter->handleRequest(NULL, Object(Config\Cache), false)
#4 C:\Users\Danielson\PhpstormProjects\professionalsite\diceroller\index.php(45): CodeIgniter\CodeIgniter->run()
#5 {main}
CRITICAL - 2020-05-04 19:22:07 --> Undefined property: App\Controllers\Home::$output
#0 C:\Users\Danielson\PhpstormProjects\professionalsite\applications\diceroller\app\Controllers\Home.php(33): CodeIgniter\Debug\Exceptions->errorHandler(8, 'Undefined prope...', 'C:\\Users\\Daniel...', 33, Array)
#1 C:\Users\Danielson\PhpstormProjects\professionalsite\vendor\codeigniter4\framework\system\CodeIgniter.php(914): App\Controllers\Home->addDice()
#2 C:\Users\Danielson\PhpstormProjects\professionalsite\vendor\codeigniter4\framework\system\CodeIgniter.php(400): CodeIgniter\CodeIgniter->runController(Object(App\Controllers\Home))
#3 C:\Users\Danielson\PhpstormProjects\professionalsite\vendor\codeigniter4\framework\system\CodeIgniter.php(308): CodeIgniter\CodeIgniter->handleRequest(NULL, Object(Config\Cache), false)
#4 C:\Users\Danielson\PhpstormProjects\professionalsite\diceroller\index.php(45): CodeIgniter\CodeIgniter->run()
#5 {main}
CRITICAL - 2020-05-04 19:22:20 --> Undefined property: App\Controllers\Home::$output
#0 C:\Users\Danielson\PhpstormProjects\professionalsite\applications\diceroller\app\Controllers\Home.php(33): CodeIgniter\Debug\Exceptions->errorHandler(8, 'Undefined prope...', 'C:\\Users\\Daniel...', 33, Array)
#1 C:\Users\Danielson\PhpstormProjects\professionalsite\vendor\codeigniter4\framework\system\CodeIgniter.php(914): App\Controllers\Home->addDice()
#2 C:\Users\Danielson\PhpstormProjects\professionalsite\vendor\codeigniter4\framework\system\CodeIgniter.php(400): CodeIgniter\CodeIgniter->runController(Object(App\Controllers\Home))
#3 C:\Users\Danielson\PhpstormProjects\professionalsite\vendor\codeigniter4\framework\system\CodeIgniter.php(308): CodeIgniter\CodeIgniter->handleRequest(NULL, Object(Config\Cache), false)
#4 C:\Users\Danielson\PhpstormProjects\professionalsite\diceroller\index.php(45): CodeIgniter\CodeIgniter->run()
#5 {main}
CRITICAL - 2020-05-04 19:22:47 --> Undefined property: App\Controllers\Home::$output
#0 C:\Users\Danielson\PhpstormProjects\professionalsite\applications\diceroller\app\Controllers\Home.php(33): CodeIgniter\Debug\Exceptions->errorHandler(8, 'Undefined prope...', 'C:\\Users\\Daniel...', 33, Array)
#1 C:\Users\Danielson\PhpstormProjects\professionalsite\vendor\codeigniter4\framework\system\CodeIgniter.php(914): App\Controllers\Home->addDice()
#2 C:\Users\Danielson\PhpstormProjects\professionalsite\vendor\codeigniter4\framework\system\CodeIgniter.php(400): CodeIgniter\CodeIgniter->runController(Object(App\Controllers\Home))
#3 C:\Users\Danielson\PhpstormProjects\professionalsite\vendor\codeigniter4\framework\system\CodeIgniter.php(308): CodeIgniter\CodeIgniter->handleRequest(NULL, Object(Config\Cache), false)
#4 C:\Users\Danielson\PhpstormProjects\professionalsite\diceroller\index.php(45): CodeIgniter\CodeIgniter->run()
#5 {main}
CRITICAL - 2020-05-04 19:23:44 --> Undefined property: App\Controllers\Home::$output
#0 C:\Users\Danielson\PhpstormProjects\professionalsite\applications\diceroller\app\Controllers\Home.php(33): CodeIgniter\Debug\Exceptions->errorHandler(8, 'Undefined prope...', 'C:\\Users\\Daniel...', 33, Array)
#1 C:\Users\Danielson\PhpstormProjects\professionalsite\vendor\codeigniter4\framework\system\CodeIgniter.php(914): App\Controllers\Home->addDice()
#2 C:\Users\Danielson\PhpstormProjects\professionalsite\vendor\codeigniter4\framework\system\CodeIgniter.php(400): CodeIgniter\CodeIgniter->runController(Object(App\Controllers\Home))
#3 C:\Users\Danielson\PhpstormProjects\professionalsite\vendor\codeigniter4\framework\system\CodeIgniter.php(308): CodeIgniter\CodeIgniter->handleRequest(NULL, Object(Config\Cache), false)
#4 C:\Users\Danielson\PhpstormProjects\professionalsite\diceroller\index.php(45): CodeIgniter\CodeIgniter->run()
#5 {main}
CRITICAL - 2020-05-04 19:24:06 --> Undefined property: App\Controllers\Home::$output
#0 C:\Users\Danielson\PhpstormProjects\professionalsite\applications\diceroller\app\Controllers\Home.php(33): CodeIgniter\Debug\Exceptions->errorHandler(8, 'Undefined prope...', 'C:\\Users\\Daniel...', 33, Array)
#1 C:\Users\Danielson\PhpstormProjects\professionalsite\vendor\codeigniter4\framework\system\CodeIgniter.php(914): App\Controllers\Home->addDice()
#2 C:\Users\Danielson\PhpstormProjects\professionalsite\vendor\codeigniter4\framework\system\CodeIgniter.php(400): CodeIgniter\CodeIgniter->runController(Object(App\Controllers\Home))
#3 C:\Users\Danielson\PhpstormProjects\professionalsite\vendor\codeigniter4\framework\system\CodeIgniter.php(308): CodeIgniter\CodeIgniter->handleRequest(NULL, Object(Config\Cache), false)
#4 C:\Users\Danielson\PhpstormProjects\professionalsite\diceroller\index.php(45): CodeIgniter\CodeIgniter->run()
#5 {main}
CRITICAL - 2020-05-04 19:24:54 --> Undefined property: App\Controllers\Home::$output
#0 C:\Users\Danielson\PhpstormProjects\professionalsite\applications\diceroller\app\Controllers\Home.php(33): CodeIgniter\Debug\Exceptions->errorHandler(8, 'Undefined prope...', 'C:\\Users\\Daniel...', 33, Array)
#1 C:\Users\Danielson\PhpstormProjects\professionalsite\vendor\codeigniter4\framework\system\CodeIgniter.php(914): App\Controllers\Home->addDice()
#2 C:\Users\Danielson\PhpstormProjects\professionalsite\vendor\codeigniter4\framework\system\CodeIgniter.php(400): CodeIgniter\CodeIgniter->runController(Object(App\Controllers\Home))
#3 C:\Users\Danielson\PhpstormProjects\professionalsite\vendor\codeigniter4\framework\system\CodeIgniter.php(308): CodeIgniter\CodeIgniter->handleRequest(NULL, Object(Config\Cache), false)
#4 C:\Users\Danielson\PhpstormProjects\professionalsite\diceroller\index.php(45): CodeIgniter\CodeIgniter->run()
#5 {main}
CRITICAL - 2020-05-04 19:26:24 --> Undefined property: App\Controllers\Home::$output
#0 C:\Users\Danielson\PhpstormProjects\professionalsite\applications\diceroller\app\Controllers\Home.php(33): CodeIgniter\Debug\Exceptions->errorHandler(8, 'Undefined prope...', 'C:\\Users\\Daniel...', 33, Array)
#1 C:\Users\Danielson\PhpstormProjects\professionalsite\vendor\codeigniter4\framework\system\CodeIgniter.php(914): App\Controllers\Home->addDice()
#2 C:\Users\Danielson\PhpstormProjects\professionalsite\vendor\codeigniter4\framework\system\CodeIgniter.php(400): CodeIgniter\CodeIgniter->runController(Object(App\Controllers\Home))
#3 C:\Users\Danielson\PhpstormProjects\professionalsite\vendor\codeigniter4\framework\system\CodeIgniter.php(308): CodeIgniter\CodeIgniter->handleRequest(NULL, Object(Config\Cache), false)
#4 C:\Users\Danielson\PhpstormProjects\professionalsite\diceroller\index.php(45): CodeIgniter\CodeIgniter->run()
#5 {main}
CRITICAL - 2020-05-04 19:29:00 --> syntax error, unexpected '$this' (T_VARIABLE)
#0 C:\Users\Danielson\PhpstormProjects\professionalsite\vendor\codeigniter4\framework\system\Autoloader\Autoloader.php(296): CodeIgniter\Autoloader\Autoloader->requireFile('C:\\Users\\Daniel...')
#1 C:\Users\Danielson\PhpstormProjects\professionalsite\vendor\codeigniter4\framework\system\Autoloader\Autoloader.php(258): CodeIgniter\Autoloader\Autoloader->loadInNamespace('App\\Controllers...')
#2 [internal function]: CodeIgniter\Autoloader\Autoloader->loadClass('App\\Controllers...')
#3 [internal function]: spl_autoload_call('App\\Controllers...')
#4 C:\Users\Danielson\PhpstormProjects\professionalsite\vendor\codeigniter4\framework\system\CodeIgniter.php(865): class_exists('\\App\\Controller...', true)
#5 C:\Users\Danielson\PhpstormProjects\professionalsite\vendor\codeigniter4\framework\system\CodeIgniter.php(390): CodeIgniter\CodeIgniter->startController()
#6 C:\Users\Danielson\PhpstormProjects\professionalsite\vendor\codeigniter4\framework\system\CodeIgniter.php(308): CodeIgniter\CodeIgniter->handleRequest(NULL, Object(Config\Cache), false)
#7 C:\Users\Danielson\PhpstormProjects\professionalsite\diceroller\index.php(45): CodeIgniter\CodeIgniter->run()
#8 {main}
CRITICAL - 2020-05-04 19:29:10 --> syntax error, unexpected '$this' (T_VARIABLE)
#0 C:\Users\Danielson\PhpstormProjects\professionalsite\vendor\codeigniter4\framework\system\Autoloader\Autoloader.php(296): CodeIgniter\Autoloader\Autoloader->requireFile('C:\\Users\\Daniel...')
#1 C:\Users\Danielson\PhpstormProjects\professionalsite\vendor\codeigniter4\framework\system\Autoloader\Autoloader.php(258): CodeIgniter\Autoloader\Autoloader->loadInNamespace('App\\Controllers...')
#2 [internal function]: CodeIgniter\Autoloader\Autoloader->loadClass('App\\Controllers...')
#3 [internal function]: spl_autoload_call('App\\Controllers...')
#4 C:\Users\Danielson\PhpstormProjects\professionalsite\vendor\codeigniter4\framework\system\CodeIgniter.php(865): class_exists('\\App\\Controller...', true)
#5 C:\Users\Danielson\PhpstormProjects\professionalsite\vendor\codeigniter4\framework\system\CodeIgniter.php(390): CodeIgniter\CodeIgniter->startController()
#6 C:\Users\Danielson\PhpstormProjects\professionalsite\vendor\codeigniter4\framework\system\CodeIgniter.php(308): CodeIgniter\CodeIgniter->handleRequest(NULL, Object(Config\Cache), false)
#7 C:\Users\Danielson\PhpstormProjects\professionalsite\diceroller\index.php(45): CodeIgniter\CodeIgniter->run()
#8 {main}
CRITICAL - 2020-05-04 19:29:20 --> syntax error, unexpected '$this' (T_VARIABLE)
#0 C:\Users\Danielson\PhpstormProjects\professionalsite\vendor\codeigniter4\framework\system\Autoloader\Autoloader.php(296): CodeIgniter\Autoloader\Autoloader->requireFile('C:\\Users\\Daniel...')
#1 C:\Users\Danielson\PhpstormProjects\professionalsite\vendor\codeigniter4\framework\system\Autoloader\Autoloader.php(258): CodeIgniter\Autoloader\Autoloader->loadInNamespace('App\\Controllers...')
#2 [internal function]: CodeIgniter\Autoloader\Autoloader->loadClass('App\\Controllers...')
#3 [internal function]: spl_autoload_call('App\\Controllers...')
#4 C:\Users\Danielson\PhpstormProjects\professionalsite\vendor\codeigniter4\framework\system\CodeIgniter.php(865): class_exists('\\App\\Controller...', true)
#5 C:\Users\Danielson\PhpstormProjects\professionalsite\vendor\codeigniter4\framework\system\CodeIgniter.php(390): CodeIgniter\CodeIgniter->startController()
#6 C:\Users\Danielson\PhpstormProjects\professionalsite\vendor\codeigniter4\framework\system\CodeIgniter.php(308): CodeIgniter\CodeIgniter->handleRequest(NULL, Object(Config\Cache), false)
#7 C:\Users\Danielson\PhpstormProjects\professionalsite\diceroller\index.php(45): CodeIgniter\CodeIgniter->run()
#8 {main}
CRITICAL - 2020-05-04 19:29:33 --> syntax error, unexpected '$this' (T_VARIABLE)
#0 C:\Users\Danielson\PhpstormProjects\professionalsite\vendor\codeigniter4\framework\system\Autoloader\Autoloader.php(296): CodeIgniter\Autoloader\Autoloader->requireFile('C:\\Users\\Daniel...')
#1 C:\Users\Danielson\PhpstormProjects\professionalsite\vendor\codeigniter4\framework\system\Autoloader\Autoloader.php(258): CodeIgniter\Autoloader\Autoloader->loadInNamespace('App\\Controllers...')
#2 [internal function]: CodeIgniter\Autoloader\Autoloader->loadClass('App\\Controllers...')
#3 [internal function]: spl_autoload_call('App\\Controllers...')
#4 C:\Users\Danielson\PhpstormProjects\professionalsite\vendor\codeigniter4\framework\system\CodeIgniter.php(865): class_exists('\\App\\Controller...', true)
#5 C:\Users\Danielson\PhpstormProjects\professionalsite\vendor\codeigniter4\framework\system\CodeIgniter.php(390): CodeIgniter\CodeIgniter->startController()
#6 C:\Users\Danielson\PhpstormProjects\professionalsite\vendor\codeigniter4\framework\system\CodeIgniter.php(308): CodeIgniter\CodeIgniter->handleRequest(NULL, Object(Config\Cache), false)
#7 C:\Users\Danielson\PhpstormProjects\professionalsite\diceroller\index.php(45): CodeIgniter\CodeIgniter->run()
#8 {main}
CRITICAL - 2020-05-04 19:29:51 --> syntax error, unexpected '$data' (T_VARIABLE)
#0 C:\Users\Danielson\PhpstormProjects\professionalsite\vendor\codeigniter4\framework\system\Autoloader\Autoloader.php(296): CodeIgniter\Autoloader\Autoloader->requireFile('C:\\Users\\Daniel...')
#1 C:\Users\Danielson\PhpstormProjects\professionalsite\vendor\codeigniter4\framework\system\Autoloader\Autoloader.php(258): CodeIgniter\Autoloader\Autoloader->loadInNamespace('App\\Controllers...')
#2 [internal function]: CodeIgniter\Autoloader\Autoloader->loadClass('App\\Controllers...')
#3 [internal function]: spl_autoload_call('App\\Controllers...')
#4 C:\Users\Danielson\PhpstormProjects\professionalsite\vendor\codeigniter4\framework\system\CodeIgniter.php(865): class_exists('\\App\\Controller...', true)
#5 C:\Users\Danielson\PhpstormProjects\professionalsite\vendor\codeigniter4\framework\system\CodeIgniter.php(390): CodeIgniter\CodeIgniter->startController()
#6 C:\Users\Danielson\PhpstormProjects\professionalsite\vendor\codeigniter4\framework\system\CodeIgniter.php(308): CodeIgniter\CodeIgniter->handleRequest(NULL, Object(Config\Cache), false)
#7 C:\Users\Danielson\PhpstormProjects\professionalsite\diceroller\index.php(45): CodeIgniter\CodeIgniter->run()
#8 {main}
CRITICAL - 2020-05-04 19:36:53 --> Typed property App\Controllers\Home::$diceRoller must not be accessed before initialization
#0 C:\Users\Danielson\PhpstormProjects\professionalsite\vendor\codeigniter4\framework\system\CodeIgniter.php(914): App\Controllers\Home->addDice()
#1 C:\Users\Danielson\PhpstormProjects\professionalsite\vendor\codeigniter4\framework\system\CodeIgniter.php(400): CodeIgniter\CodeIgniter->runController(Object(App\Controllers\Home))
#2 C:\Users\Danielson\PhpstormProjects\professionalsite\vendor\codeigniter4\framework\system\CodeIgniter.php(308): CodeIgniter\CodeIgniter->handleRequest(NULL, Object(Config\Cache), false)
#3 C:\Users\Danielson\PhpstormProjects\professionalsite\diceroller\index.php(45): CodeIgniter\CodeIgniter->run()
#4 {main}
CRITICAL - 2020-05-04 19:51:12 --> Typed property App\Controllers\DiceRollerController::$diceRoller must not be accessed before initialization
#0 C:\Users\Danielson\PhpstormProjects\professionalsite\vendor\codeigniter4\framework\system\CodeIgniter.php(914): App\Controllers\DiceRollerController->index()
#1 C:\Users\Danielson\PhpstormProjects\professionalsite\vendor\codeigniter4\framework\system\CodeIgniter.php(400): CodeIgniter\CodeIgniter->runController(Object(App\Controllers\DiceRollerController))
#2 C:\Users\Danielson\PhpstormProjects\professionalsite\vendor\codeigniter4\framework\system\CodeIgniter.php(308): CodeIgniter\CodeIgniter->handleRequest(NULL, Object(Config\Cache), false)
#3 C:\Users\Danielson\PhpstormProjects\professionalsite\diceroller\index.php(45): CodeIgniter\CodeIgniter->run()
#4 {main}
CRITICAL - 2020-05-04 19:52:05 --> Typed property App\Controllers\DiceRollerController::$diceRoller must not be accessed before initialization
#0 C:\Users\Danielson\PhpstormProjects\professionalsite\vendor\codeigniter4\framework\system\CodeIgniter.php(914): App\Controllers\DiceRollerController->addDice()
#1 C:\Users\Danielson\PhpstormProjects\professionalsite\vendor\codeigniter4\framework\system\CodeIgniter.php(400): CodeIgniter\CodeIgniter->runController(Object(App\Controllers\DiceRollerController))
#2 C:\Users\Danielson\PhpstormProjects\professionalsite\vendor\codeigniter4\framework\system\CodeIgniter.php(308): CodeIgniter\CodeIgniter->handleRequest(NULL, Object(Config\Cache), false)
#3 C:\Users\Danielson\PhpstormProjects\professionalsite\diceroller\index.php(45): CodeIgniter\CodeIgniter->run()
#4 {main}
CRITICAL - 2020-05-04 19:53:40 --> Typed property App\Controllers\DiceRollerController::$diceRoller must be an instance of danielsonsilva\DiceRoller\DiceRoller, bool used
#0 C:\Users\Danielson\PhpstormProjects\professionalsite\applications\diceroller\app\Controllers\DiceRollerController.php(30): App\Controllers\DiceRollerController->loadDiceRollerState()
#1 C:\Users\Danielson\PhpstormProjects\professionalsite\vendor\codeigniter4\framework\system\CodeIgniter.php(914): App\Controllers\DiceRollerController->addDice()
#2 C:\Users\Danielson\PhpstormProjects\professionalsite\vendor\codeigniter4\framework\system\CodeIgniter.php(400): CodeIgniter\CodeIgniter->runController(Object(App\Controllers\DiceRollerController))
#3 C:\Users\Danielson\PhpstormProjects\professionalsite\vendor\codeigniter4\framework\system\CodeIgniter.php(308): CodeIgniter\CodeIgniter->handleRequest(NULL, Object(Config\Cache), false)
#4 C:\Users\Danielson\PhpstormProjects\professionalsite\diceroller\index.php(45): CodeIgniter\CodeIgniter->run()
#5 {main}
CRITICAL - 2020-05-04 19:56:42 --> Typed property App\Controllers\DiceRollerController::$diceRoller must be an instance of danielsonsilva\DiceRoller\DiceRoller, bool used
#0 C:\Users\Danielson\PhpstormProjects\professionalsite\applications\diceroller\app\Controllers\DiceRollerController.php(30): App\Controllers\DiceRollerController->loadDiceRollerState()
#1 C:\Users\Danielson\PhpstormProjects\professionalsite\vendor\codeigniter4\framework\system\CodeIgniter.php(914): App\Controllers\DiceRollerController->addDice()
#2 C:\Users\Danielson\PhpstormProjects\professionalsite\vendor\codeigniter4\framework\system\CodeIgniter.php(400): CodeIgniter\CodeIgniter->runController(Object(App\Controllers\DiceRollerController))
#3 C:\Users\Danielson\PhpstormProjects\professionalsite\vendor\codeigniter4\framework\system\CodeIgniter.php(308): CodeIgniter\CodeIgniter->handleRequest(NULL, Object(Config\Cache), false)
#4 C:\Users\Danielson\PhpstormProjects\professionalsite\diceroller\index.php(45): CodeIgniter\CodeIgniter->run()
#5 {main}
CRITICAL - 2020-05-04 19:57:32 --> Typed property App\Controllers\DiceRollerController::$diceRoller must be an instance of danielsonsilva\DiceRoller\DiceRoller, bool used
#0 C:\Users\Danielson\PhpstormProjects\professionalsite\applications\diceroller\app\Controllers\DiceRollerController.php(30): App\Controllers\DiceRollerController->loadDiceRollerState()
#1 C:\Users\Danielson\PhpstormProjects\professionalsite\vendor\codeigniter4\framework\system\CodeIgniter.php(914): App\Controllers\DiceRollerController->addDice()
#2 C:\Users\Danielson\PhpstormProjects\professionalsite\vendor\codeigniter4\framework\system\CodeIgniter.php(400): CodeIgniter\CodeIgniter->runController(Object(App\Controllers\DiceRollerController))
#3 C:\Users\Danielson\PhpstormProjects\professionalsite\vendor\codeigniter4\framework\system\CodeIgniter.php(308): CodeIgniter\CodeIgniter->handleRequest(NULL, Object(Config\Cache), false)
#4 C:\Users\Danielson\PhpstormProjects\professionalsite\diceroller\index.php(45): CodeIgniter\CodeIgniter->run()
#5 {main}
CRITICAL - 2020-05-04 20:04:36 --> Typed property App\Controllers\DiceRollerController::$diceRoller must not be accessed before initialization
#0 C:\Users\Danielson\PhpstormProjects\professionalsite\vendor\codeigniter4\framework\system\CodeIgniter.php(914): App\Controllers\DiceRollerController->addDice()
#1 C:\Users\Danielson\PhpstormProjects\professionalsite\vendor\codeigniter4\framework\system\CodeIgniter.php(400): CodeIgniter\CodeIgniter->runController(Object(App\Controllers\DiceRollerController))
#2 C:\Users\Danielson\PhpstormProjects\professionalsite\vendor\codeigniter4\framework\system\CodeIgniter.php(308): CodeIgniter\CodeIgniter->handleRequest(NULL, Object(Config\Cache), false)
#3 C:\Users\Danielson\PhpstormProjects\professionalsite\diceroller\index.php(45): CodeIgniter\CodeIgniter->run()
#4 {main}
