CRITICAL - 2020-04-30 16:50:43 --> Call to a member function library() on null
#0 C:\Users\Danielson\PhpstormProjects\professionalsite\vendor\codeigniter4\framework\system\CodeIgniter.php(910): App\Controllers\Home->index()
#1 C:\Users\Danielson\PhpstormProjects\professionalsite\vendor\codeigniter4\framework\system\CodeIgniter.php(398): CodeIgniter\CodeIgniter->runController(Object(App\Controllers\Home))
#2 C:\Users\Danielson\PhpstormProjects\professionalsite\vendor\codeigniter4\framework\system\CodeIgniter.php(306): CodeIgniter\CodeIgniter->handleRequest(NULL, Object(Config\Cache), false)
#3 C:\Users\Danielson\PhpstormProjects\professionalsite\diceroller\index.php(45): CodeIgniter\CodeIgniter->run()
#4 {main}
CRITICAL - 2020-04-30 16:56:14 --> Call to a member function library() on null
#0 C:\Users\Danielson\PhpstormProjects\professionalsite\vendor\codeigniter4\framework\system\CodeIgniter.php(910): App\Controllers\Home->index()
#1 C:\Users\Danielson\PhpstormProjects\professionalsite\vendor\codeigniter4\framework\system\CodeIgniter.php(398): CodeIgniter\CodeIgniter->runController(Object(App\Controllers\Home))
#2 C:\Users\Danielson\PhpstormProjects\professionalsite\vendor\codeigniter4\framework\system\CodeIgniter.php(306): CodeIgniter\CodeIgniter->handleRequest(NULL, Object(Config\Cache), false)
#3 C:\Users\Danielson\PhpstormProjects\professionalsite\diceroller\index.php(45): CodeIgniter\CodeIgniter->run()
#4 {main}
CRITICAL - 2020-04-30 16:56:19 --> Call to a member function library() on null
#0 C:\Users\Danielson\PhpstormProjects\professionalsite\vendor\codeigniter4\framework\system\CodeIgniter.php(910): App\Controllers\Home->index()
#1 C:\Users\Danielson\PhpstormProjects\professionalsite\vendor\codeigniter4\framework\system\CodeIgniter.php(398): CodeIgniter\CodeIgniter->runController(Object(App\Controllers\Home))
#2 C:\Users\Danielson\PhpstormProjects\professionalsite\vendor\codeigniter4\framework\system\CodeIgniter.php(306): CodeIgniter\CodeIgniter->handleRequest(NULL, Object(Config\Cache), false)
#3 C:\Users\Danielson\PhpstormProjects\professionalsite\diceroller\index.php(45): CodeIgniter\CodeIgniter->run()
#4 {main}
CRITICAL - 2020-04-30 16:56:21 --> Call to a member function library() on null
#0 C:\Users\Danielson\PhpstormProjects\professionalsite\vendor\codeigniter4\framework\system\CodeIgniter.php(910): App\Controllers\Home->index()
#1 C:\Users\Danielson\PhpstormProjects\professionalsite\vendor\codeigniter4\framework\system\CodeIgniter.php(398): CodeIgniter\CodeIgniter->runController(Object(App\Controllers\Home))
#2 C:\Users\Danielson\PhpstormProjects\professionalsite\vendor\codeigniter4\framework\system\CodeIgniter.php(306): CodeIgniter\CodeIgniter->handleRequest(NULL, Object(Config\Cache), false)
#3 C:\Users\Danielson\PhpstormProjects\professionalsite\diceroller\index.php(45): CodeIgniter\CodeIgniter->run()
#4 {main}
