CRITICAL - 2020-04-27 19:21:50 --> Call to a member function view() on null
#0 C:\Users\Danielson\PhpstormProjects\professionalsite\vendor\codeigniter4\framework\system\View\View.php(236): include()
#1 C:\Users\Danielson\PhpstormProjects\professionalsite\vendor\codeigniter4\framework\system\Common.php(1071): CodeIgniter\View\View->render('welcome_message', Array, true)
#2 C:\Users\Danielson\PhpstormProjects\professionalsite\diceroller\app\Controllers\Home.php(7): view('welcome_message')
#3 C:\Users\Danielson\PhpstormProjects\professionalsite\vendor\codeigniter4\framework\system\CodeIgniter.php(910): App\Controllers\Home->index()
#4 C:\Users\Danielson\PhpstormProjects\professionalsite\vendor\codeigniter4\framework\system\CodeIgniter.php(398): CodeIgniter\CodeIgniter->runController(Object(App\Controllers\Home))
#5 C:\Users\Danielson\PhpstormProjects\professionalsite\vendor\codeigniter4\framework\system\CodeIgniter.php(306): CodeIgniter\CodeIgniter->handleRequest(NULL, Object(Config\Cache), false)
#6 C:\Users\Danielson\PhpstormProjects\professionalsite\diceroller\public\index.php(45): CodeIgniter\CodeIgniter->run()
#7 {main}
CRITICAL - 2020-04-27 19:22:25 --> Call to a member function view() on null
#0 C:\Users\Danielson\PhpstormProjects\professionalsite\vendor\codeigniter4\framework\system\View\View.php(236): include()
#1 C:\Users\Danielson\PhpstormProjects\professionalsite\vendor\codeigniter4\framework\system\Common.php(1071): CodeIgniter\View\View->render('welcome_message', Array, true)
#2 C:\Users\Danielson\PhpstormProjects\professionalsite\diceroller\app\Controllers\Home.php(7): view('welcome_message')
#3 C:\Users\Danielson\PhpstormProjects\professionalsite\vendor\codeigniter4\framework\system\CodeIgniter.php(910): App\Controllers\Home->index()
#4 C:\Users\Danielson\PhpstormProjects\professionalsite\vendor\codeigniter4\framework\system\CodeIgniter.php(398): CodeIgniter\CodeIgniter->runController(Object(App\Controllers\Home))
#5 C:\Users\Danielson\PhpstormProjects\professionalsite\vendor\codeigniter4\framework\system\CodeIgniter.php(306): CodeIgniter\CodeIgniter->handleRequest(NULL, Object(Config\Cache), false)
#6 C:\Users\Danielson\PhpstormProjects\professionalsite\diceroller\public\index.php(45): CodeIgniter\CodeIgniter->run()
#7 {main}
CRITICAL - 2020-04-27 19:24:25 --> Call to a member function view() on null
#0 C:\Users\Danielson\PhpstormProjects\professionalsite\vendor\codeigniter4\framework\system\View\View.php(236): include()
#1 C:\Users\Danielson\PhpstormProjects\professionalsite\vendor\codeigniter4\framework\system\Common.php(1071): CodeIgniter\View\View->render('welcome_message', Array, true)
#2 C:\Users\Danielson\PhpstormProjects\professionalsite\diceroller\app\Controllers\Home.php(7): view('welcome_message')
#3 C:\Users\Danielson\PhpstormProjects\professionalsite\vendor\codeigniter4\framework\system\CodeIgniter.php(910): App\Controllers\Home->index()
#4 C:\Users\Danielson\PhpstormProjects\professionalsite\vendor\codeigniter4\framework\system\CodeIgniter.php(398): CodeIgniter\CodeIgniter->runController(Object(App\Controllers\Home))
#5 C:\Users\Danielson\PhpstormProjects\professionalsite\vendor\codeigniter4\framework\system\CodeIgniter.php(306): CodeIgniter\CodeIgniter->handleRequest(NULL, Object(Config\Cache), false)
#6 C:\Users\Danielson\PhpstormProjects\professionalsite\diceroller\public\index.php(45): CodeIgniter\CodeIgniter->run()
#7 {main}
CRITICAL - 2020-04-27 19:25:45 --> Call to undefined function link_tag()
#0 C:\Users\Danielson\PhpstormProjects\professionalsite\vendor\codeigniter4\framework\system\View\View.php(236): include()
#1 C:\Users\Danielson\PhpstormProjects\professionalsite\vendor\codeigniter4\framework\system\Common.php(1071): CodeIgniter\View\View->render('welcome_message', Array, true)
#2 C:\Users\Danielson\PhpstormProjects\professionalsite\diceroller\app\Controllers\Home.php(7): view('welcome_message')
#3 C:\Users\Danielson\PhpstormProjects\professionalsite\vendor\codeigniter4\framework\system\CodeIgniter.php(910): App\Controllers\Home->index()
#4 C:\Users\Danielson\PhpstormProjects\professionalsite\vendor\codeigniter4\framework\system\CodeIgniter.php(398): CodeIgniter\CodeIgniter->runController(Object(App\Controllers\Home))
#5 C:\Users\Danielson\PhpstormProjects\professionalsite\vendor\codeigniter4\framework\system\CodeIgniter.php(306): CodeIgniter\CodeIgniter->handleRequest(NULL, Object(Config\Cache), false)
#6 C:\Users\Danielson\PhpstormProjects\professionalsite\diceroller\public\index.php(45): CodeIgniter\CodeIgniter->run()
#7 {main}
CRITICAL - 2020-04-27 19:28:40 --> Call to undefined function link_tag()
#0 C:\Users\Danielson\PhpstormProjects\professionalsite\vendor\codeigniter4\framework\system\View\View.php(236): include()
#1 C:\Users\Danielson\PhpstormProjects\professionalsite\vendor\codeigniter4\framework\system\Common.php(1071): CodeIgniter\View\View->render('welcome_message', Array, true)
#2 C:\Users\Danielson\PhpstormProjects\professionalsite\diceroller\app\Controllers\Home.php(7): view('welcome_message')
#3 C:\Users\Danielson\PhpstormProjects\professionalsite\vendor\codeigniter4\framework\system\CodeIgniter.php(910): App\Controllers\Home->index()
#4 C:\Users\Danielson\PhpstormProjects\professionalsite\vendor\codeigniter4\framework\system\CodeIgniter.php(398): CodeIgniter\CodeIgniter->runController(Object(App\Controllers\Home))
#5 C:\Users\Danielson\PhpstormProjects\professionalsite\vendor\codeigniter4\framework\system\CodeIgniter.php(306): CodeIgniter\CodeIgniter->handleRequest(NULL, Object(Config\Cache), false)
#6 C:\Users\Danielson\PhpstormProjects\professionalsite\diceroller\public\index.php(45): CodeIgniter\CodeIgniter->run()
#7 {main}
CRITICAL - 2020-04-27 19:28:46 --> Call to undefined function link_tag()
#0 C:\Users\Danielson\PhpstormProjects\professionalsite\vendor\codeigniter4\framework\system\View\View.php(236): include()
#1 C:\Users\Danielson\PhpstormProjects\professionalsite\vendor\codeigniter4\framework\system\Common.php(1071): CodeIgniter\View\View->render('welcome_message', Array, true)
#2 C:\Users\Danielson\PhpstormProjects\professionalsite\diceroller\app\Controllers\Home.php(7): view('welcome_message')
#3 C:\Users\Danielson\PhpstormProjects\professionalsite\vendor\codeigniter4\framework\system\CodeIgniter.php(910): App\Controllers\Home->index()
#4 C:\Users\Danielson\PhpstormProjects\professionalsite\vendor\codeigniter4\framework\system\CodeIgniter.php(398): CodeIgniter\CodeIgniter->runController(Object(App\Controllers\Home))
#5 C:\Users\Danielson\PhpstormProjects\professionalsite\vendor\codeigniter4\framework\system\CodeIgniter.php(306): CodeIgniter\CodeIgniter->handleRequest(NULL, Object(Config\Cache), false)
#6 C:\Users\Danielson\PhpstormProjects\professionalsite\diceroller\public\index.php(45): CodeIgniter\CodeIgniter->run()
#7 {main}
CRITICAL - 2020-04-27 19:28:48 --> Call to undefined function link_tag()
#0 C:\Users\Danielson\PhpstormProjects\professionalsite\vendor\codeigniter4\framework\system\View\View.php(236): include()
#1 C:\Users\Danielson\PhpstormProjects\professionalsite\vendor\codeigniter4\framework\system\Common.php(1071): CodeIgniter\View\View->render('welcome_message', Array, true)
#2 C:\Users\Danielson\PhpstormProjects\professionalsite\diceroller\app\Controllers\Home.php(7): view('welcome_message')
#3 C:\Users\Danielson\PhpstormProjects\professionalsite\vendor\codeigniter4\framework\system\CodeIgniter.php(910): App\Controllers\Home->index()
#4 C:\Users\Danielson\PhpstormProjects\professionalsite\vendor\codeigniter4\framework\system\CodeIgniter.php(398): CodeIgniter\CodeIgniter->runController(Object(App\Controllers\Home))
#5 C:\Users\Danielson\PhpstormProjects\professionalsite\vendor\codeigniter4\framework\system\CodeIgniter.php(306): CodeIgniter\CodeIgniter->handleRequest(NULL, Object(Config\Cache), false)
#6 C:\Users\Danielson\PhpstormProjects\professionalsite\diceroller\public\index.php(45): CodeIgniter\CodeIgniter->run()
#7 {main}
CRITICAL - 2020-04-27 19:29:35 --> Call to a member function helper() on null
#0 C:\Users\Danielson\PhpstormProjects\professionalsite\vendor\codeigniter4\framework\system\CodeIgniter.php(910): App\Controllers\Home->index()
#1 C:\Users\Danielson\PhpstormProjects\professionalsite\vendor\codeigniter4\framework\system\CodeIgniter.php(398): CodeIgniter\CodeIgniter->runController(Object(App\Controllers\Home))
#2 C:\Users\Danielson\PhpstormProjects\professionalsite\vendor\codeigniter4\framework\system\CodeIgniter.php(306): CodeIgniter\CodeIgniter->handleRequest(NULL, Object(Config\Cache), false)
#3 C:\Users\Danielson\PhpstormProjects\professionalsite\diceroller\public\index.php(45): CodeIgniter\CodeIgniter->run()
#4 {main}
CRITICAL - 2020-04-27 19:31:12 --> Call to a member function helper() on null
#0 C:\Users\Danielson\PhpstormProjects\professionalsite\vendor\codeigniter4\framework\system\CodeIgniter.php(910): App\Controllers\Home->index()
#1 C:\Users\Danielson\PhpstormProjects\professionalsite\vendor\codeigniter4\framework\system\CodeIgniter.php(398): CodeIgniter\CodeIgniter->runController(Object(App\Controllers\Home))
#2 C:\Users\Danielson\PhpstormProjects\professionalsite\vendor\codeigniter4\framework\system\CodeIgniter.php(306): CodeIgniter\CodeIgniter->handleRequest(NULL, Object(Config\Cache), false)
#3 C:\Users\Danielson\PhpstormProjects\professionalsite\diceroller\public\index.php(45): CodeIgniter\CodeIgniter->run()
#4 {main}
CRITICAL - 2020-04-27 19:31:12 --> Call to a member function helper() on null
#0 C:\Users\Danielson\PhpstormProjects\professionalsite\vendor\codeigniter4\framework\system\CodeIgniter.php(910): App\Controllers\Home->index()
#1 C:\Users\Danielson\PhpstormProjects\professionalsite\vendor\codeigniter4\framework\system\CodeIgniter.php(398): CodeIgniter\CodeIgniter->runController(Object(App\Controllers\Home))
#2 C:\Users\Danielson\PhpstormProjects\professionalsite\vendor\codeigniter4\framework\system\CodeIgniter.php(306): CodeIgniter\CodeIgniter->handleRequest(NULL, Object(Config\Cache), false)
#3 C:\Users\Danielson\PhpstormProjects\professionalsite\diceroller\public\index.php(45): CodeIgniter\CodeIgniter->run()
#4 {main}
CRITICAL - 2020-04-27 19:31:37 --> Call to a member function helper() on null
#0 C:\Users\Danielson\PhpstormProjects\professionalsite\vendor\codeigniter4\framework\system\CodeIgniter.php(910): App\Controllers\Home->index()
#1 C:\Users\Danielson\PhpstormProjects\professionalsite\vendor\codeigniter4\framework\system\CodeIgniter.php(398): CodeIgniter\CodeIgniter->runController(Object(App\Controllers\Home))
#2 C:\Users\Danielson\PhpstormProjects\professionalsite\vendor\codeigniter4\framework\system\CodeIgniter.php(306): CodeIgniter\CodeIgniter->handleRequest(NULL, Object(Config\Cache), false)
#3 C:\Users\Danielson\PhpstormProjects\professionalsite\diceroller\public\index.php(45): CodeIgniter\CodeIgniter->run()
#4 {main}
CRITICAL - 2020-04-27 19:31:37 --> Call to a member function helper() on null
#0 C:\Users\Danielson\PhpstormProjects\professionalsite\vendor\codeigniter4\framework\system\CodeIgniter.php(910): App\Controllers\Home->index()
#1 C:\Users\Danielson\PhpstormProjects\professionalsite\vendor\codeigniter4\framework\system\CodeIgniter.php(398): CodeIgniter\CodeIgniter->runController(Object(App\Controllers\Home))
#2 C:\Users\Danielson\PhpstormProjects\professionalsite\vendor\codeigniter4\framework\system\CodeIgniter.php(306): CodeIgniter\CodeIgniter->handleRequest(NULL, Object(Config\Cache), false)
#3 C:\Users\Danielson\PhpstormProjects\professionalsite\diceroller\public\index.php(45): CodeIgniter\CodeIgniter->run()
#4 {main}
